<?xml version="1.0" encoding="UTF-8"?>
<!-- Generated by org.testng.reporters.JUnitReportReporter -->
<testsuite hostname="DESKTOP-GORMKTV" failures="0" tests="3" name="testCases.TC_003_DDTLoginTest" time="28.692" errors="0" timestamp="2024-11-13T11:30:57 IST" skipped="0">
  <testcase classname="testCases.TC_003_DDTLoginTest" name="verify_DDTLogin" time="3.242"/>
  <testcase classname="testCases.TC_003_DDTLoginTest" name="verify_DDTLogin" time="3.802"/>
  <testcase classname="testCases.TC_003_DDTLoginTest" name="verify_DDTLogin" time="21.648"/>
</testsuite> <!-- testCases.TC_003_DDTLoginTest -->
