<?xml version="1.0" encoding="UTF-8"?>
<!-- Generated by org.testng.reporters.JUnitReportReporter -->
<testsuite hostname="DESKTOP-GORMKTV" failures="0" tests="1" name="testCases.TC_001_AccountRegistrationTest" time="17.486" errors="0" timestamp="2024-11-16T16:14:33 IST" skipped="0">
  <testcase classname="testCases.TC_001_AccountRegistrationTest" name="verify_account_registration" time="17.486"/>
</testsuite> <!-- testCases.TC_001_AccountRegistrationTest -->
