<?xml version="1.0" encoding="UTF-8"?>
<!-- Generated by org.testng.reporters.JUnitReportReporter -->
<testsuite hostname="DESKTOP-GORMKTV" failures="0" tests="1" name="testCases.TC_002_LoginTest" time="3.519" errors="0" timestamp="2024-11-16T16:14:33 IST" skipped="0">
  <testcase classname="testCases.TC_002_LoginTest" name="verify_login" time="3.519"/>
</testsuite> <!-- testCases.TC_002_LoginTest -->
